<?xml version="1.0" encoding="UTF-8"?>
<!-- Generated by org.testng.reporters.JUnitXMLReporter -->
<testsuite ignored="2" hostname="KairosHW0441" failures="0" tests="6" name="Test" time="0.041" errors="0" timestamp="2023-04-19T17:12:56 IST">
  <testcase classname="include_Exclude.LaunchURL" name="setUrl" time="0.005"/>
  <testcase classname="include_Exclude.LaunchURL" name="getUrl" time="0.001"/>
  <testcase classname="include_Exclude.LoginToApplication" name="loginToApplications" time="0.0"/>
  <testcase classname="include_Exclude.LoginToApplication" name="application" time="0.0"/>
  <testcase classname="include_Exclude.Logout" name="clickOnLogout" time="0.001"/>
  <testcase classname="include_Exclude.Logout" name="applicationGetLogout" time="0.001"/>
  <testcase classname="include_Exclude.Home" name="ClickOnPasswordField" time="0.0">
    <ignored/>
  </testcase> <!-- ClickOnPasswordField -->
  <testcase classname="include_Exclude.Home" name="clickOnTextField" time="0.0">
    <ignored/>
  </testcase> <!-- clickOnTextField -->
</testsuite> <!-- Test -->
