<?xml version="1.0" encoding="UTF-8"?>
<!-- Generated by org.testng.reporters.JUnitXMLReporter -->
<testsuite ignored="0" hostname="KairosHW0441" failures="0" tests="3" name="Itextcontext Test" time="0.053" errors="0" timestamp="2023-04-19T15:34:02 IST">
  <testcase classname="mavenEX.ItextContext" name="login" time="0.007"/>
  <testcase classname="mavenEX.ItextContext" name="enterSigningBtn" time="0.001"/>
  <testcase classname="mavenEX.ItextContext" name="logOut" time="0.001"/>
</testsuite> <!-- Itextcontext Test -->
